<?xml version="1.0" encoding="UTF-8"?>
<!-- Generated by org.testng.reporters.JUnitReportReporter -->
<testsuite hostname="DESKTOP-0KDP1L5" name="com.scp.demo.ATest" tests="2" failures="0" timestamp="18 Feb 2018 07:42:39 GMT" time="0.016" errors="0">
  <testcase name="f1" time="0.016" classname="com.scp.demo.ATest"/>
  <testcase name="f3" time="0.000" classname="com.scp.demo.ATest"/>
</testsuite> <!-- com.scp.demo.ATest -->
