<?xml version="1.0" encoding="UTF-8"?>
<!-- Generated by org.testng.reporters.JUnitReportReporter -->
<testsuite hostname="DESKTOP-0KDP1L5" name="com.scp.demo.AppTest" tests="1" failures="0" timestamp="18 Feb 2018 07:42:39 GMT" time="0.000" errors="0">
  <testcase name="testApp" time="0.000" classname="com.scp.demo.AppTest"/>
</testsuite> <!-- com.scp.demo.AppTest -->
