<?xml version="1.0" encoding="UTF-8"?>
<!-- Generated by org.testng.reporters.JUnitReportReporter -->
<testsuite hostname="DESKTOP-0KDP1L5" name="com.scp.demo.ATest" tests="1" failures="0" timestamp="18 Feb 2018 07:24:07 GMT" time="0.016" errors="0">
  <testcase name="f4" time="0.016" classname="com.scp.demo.ATest"/>
</testsuite> <!-- com.scp.demo.ATest -->
