<?xml version="1.0" encoding="UTF-8"?>
<!-- Generated by org.testng.reporters.JUnitReportReporter -->
<testsuite hostname="DESKTOP-0KDP1L5" name="com.scp.demo.BTest" tests="4" failures="0" timestamp="18 Feb 2018 07:24:07 GMT" time="0.031" errors="0">
  <testcase name="b5" time="0.000" classname="com.scp.demo.BTest"/>
  <testcase name="b3" time="0.016" classname="com.scp.demo.BTest"/>
  <testcase name="b8" time="0.000" classname="com.scp.demo.BTest"/>
  <testcase name="b4" time="0.015" classname="com.scp.demo.BTest"/>
</testsuite> <!-- com.scp.demo.BTest -->
